[2014-12-24 15:39:08,615][INFO ][node                     ] [Citizen V] version[1.4.2], pid[1806], build[927caff/2014-12-16T14:11:12Z]
[2014-12-24 15:39:08,616][INFO ][node                     ] [Citizen V] initializing ...
[2014-12-24 15:39:08,635][INFO ][plugins                  ] [Citizen V] loaded [], sites []
[2014-12-24 15:39:17,292][INFO ][node                     ] [Citizen V] initialized
[2014-12-24 15:39:17,293][INFO ][node                     ] [Citizen V] starting ...
[2014-12-24 15:39:17,681][INFO ][transport                ] [Citizen V] bound_address {inet[/0:0:0:0:0:0:0:0:9300]}, publish_address {inet[/10.0.2.15:9300]}
[2014-12-24 15:39:17,760][INFO ][discovery                ] [Citizen V] elasticsearch/WWXdzPSRSFmrkDR7II5VpA
[2014-12-24 15:39:21,564][INFO ][cluster.service          ] [Citizen V] new_master [Citizen V][WWXdzPSRSFmrkDR7II5VpA][vagrant-ubuntu-trusty-64][inet[/10.0.2.15:9300]], reason: zen-disco-join (elected_as_master)
[2014-12-24 15:39:21,620][INFO ][http                     ] [Citizen V] bound_address {inet[/0:0:0:0:0:0:0:0:9200]}, publish_address {inet[/10.0.2.15:9200]}
[2014-12-24 15:39:21,622][INFO ][node                     ] [Citizen V] started
[2014-12-24 15:39:21,655][INFO ][gateway                  ] [Citizen V] recovered [0] indices into cluster_state
[2014-12-24 15:39:39,050][INFO ][cluster.metadata         ] [Citizen V] [tvshows] creating index, cause [api], shards [1]/[0], mappings [episodes]
[2014-12-24 16:00:55,933][DEBUG][action.count             ] [Citizen V] [tvshows][0], node[WWXdzPSRSFmrkDR7II5VpA], [P], s[STARTED]: failed to execute [[[tvshows]][], source[{"query":{"query_string":{"query":"showName:Alaska: The Last Frontier"}}}]]
org.elasticsearch.index.query.QueryParsingException: [tvshows] Failed to parse query [showName:Alaska: The Last Frontier]
	at org.elasticsearch.index.query.QueryStringQueryParser.parse(QueryStringQueryParser.java:240)
	at org.elasticsearch.index.query.QueryParseContext.parseInnerQuery(QueryParseContext.java:277)
	at org.elasticsearch.index.query.IndexQueryParserService.innerParse(IndexQueryParserService.java:382)
	at org.elasticsearch.index.query.IndexQueryParserService.parse(IndexQueryParserService.java:281)
	at org.elasticsearch.index.query.IndexQueryParserService.parse(IndexQueryParserService.java:276)
	at org.elasticsearch.index.query.IndexQueryParserService.parseQuery(IndexQueryParserService.java:354)
	at org.elasticsearch.action.count.TransportCountAction.shardOperation(TransportCountAction.java:187)
	at org.elasticsearch.action.count.TransportCountAction.shardOperation(TransportCountAction.java:66)
	at org.elasticsearch.action.support.broadcast.TransportBroadcastOperationAction$AsyncBroadcastAction$1.run(TransportBroadcastOperationAction.java:171)
	at java.util.concurrent.ThreadPoolExecutor.runWorker(ThreadPoolExecutor.java:1145)
	at java.util.concurrent.ThreadPoolExecutor$Worker.run(ThreadPoolExecutor.java:615)
	at java.lang.Thread.run(Thread.java:745)
Caused by: org.apache.lucene.queryparser.classic.ParseException: Cannot parse 'showName:Alaska: The Last Frontier': Encountered " ":" ": "" at line 1, column 15.
Was expecting one of:
    <EOF> 
    <AND> ...
    <OR> ...
    <NOT> ...
    "+" ...
    "-" ...
    <BAREOPER> ...
    "(" ...
    "*" ...
    "^" ...
    <QUOTED> ...
    <TERM> ...
    <FUZZY_SLOP> ...
    <PREFIXTERM> ...
    <WILDTERM> ...
    <REGEXPTERM> ...
    "[" ...
    "{" ...
    <NUMBER> ...
    
	at org.apache.lucene.queryparser.classic.QueryParserBase.parse(QueryParserBase.java:128)
	at org.apache.lucene.queryparser.classic.MapperQueryParser.parse(MapperQueryParser.java:882)
	at org.elasticsearch.index.query.QueryStringQueryParser.parse(QueryStringQueryParser.java:223)
	... 11 more
Caused by: org.apache.lucene.queryparser.classic.ParseException: Encountered " ":" ": "" at line 1, column 15.
Was expecting one of:
    <EOF> 
    <AND> ...
    <OR> ...
    <NOT> ...
    "+" ...
    "-" ...
    <BAREOPER> ...
    "(" ...
    "*" ...
    "^" ...
    <QUOTED> ...
    <TERM> ...
    <FUZZY_SLOP> ...
    <PREFIXTERM> ...
    <WILDTERM> ...
    <REGEXPTERM> ...
    "[" ...
    "{" ...
    <NUMBER> ...
    
	at org.apache.lucene.queryparser.classic.QueryParser.generateParseException(QueryParser.java:710)
	at org.apache.lucene.queryparser.classic.QueryParser.jj_consume_token(QueryParser.java:592)
	at org.apache.lucene.queryparser.classic.QueryParser.TopLevelQuery(QueryParser.java:173)
	at org.apache.lucene.queryparser.classic.QueryParserBase.parse(QueryParserBase.java:123)
	... 13 more
[2014-12-24 16:00:56,898][DEBUG][action.count             ] [Citizen V] [tvshows][0], node[WWXdzPSRSFmrkDR7II5VpA], [P], s[STARTED]: failed to execute [[[tvshows]][], source[{"query":{"query_string":{"query":"showName:Naruto: Shippuuden"}}}]]
org.elasticsearch.index.query.QueryParsingException: [tvshows] Failed to parse query [showName:Naruto: Shippuuden]
	at org.elasticsearch.index.query.QueryStringQueryParser.parse(QueryStringQueryParser.java:240)
	at org.elasticsearch.index.query.QueryParseContext.parseInnerQuery(QueryParseContext.java:277)
	at org.elasticsearch.index.query.IndexQueryParserService.innerParse(IndexQueryParserService.java:382)
	at org.elasticsearch.index.query.IndexQueryParserService.parse(IndexQueryParserService.java:281)
	at org.elasticsearch.index.query.IndexQueryParserService.parse(IndexQueryParserService.java:276)
	at org.elasticsearch.index.query.IndexQueryParserService.parseQuery(IndexQueryParserService.java:354)
	at org.elasticsearch.action.count.TransportCountAction.shardOperation(TransportCountAction.java:187)
	at org.elasticsearch.action.count.TransportCountAction.shardOperation(TransportCountAction.java:66)
	at org.elasticsearch.action.support.broadcast.TransportBroadcastOperationAction$AsyncBroadcastAction$1.run(TransportBroadcastOperationAction.java:171)
	at java.util.concurrent.ThreadPoolExecutor.runWorker(ThreadPoolExecutor.java:1145)
	at java.util.concurrent.ThreadPoolExecutor$Worker.run(ThreadPoolExecutor.java:615)
	at java.lang.Thread.run(Thread.java:745)
Caused by: org.apache.lucene.queryparser.classic.ParseException: Cannot parse 'showName:Naruto: Shippuuden': Encountered " ":" ": "" at line 1, column 15.
Was expecting one of:
    <EOF> 
    <AND> ...
    <OR> ...
    <NOT> ...
    "+" ...
    "-" ...
    <BAREOPER> ...
    "(" ...
    "*" ...
    "^" ...
    <QUOTED> ...
    <TERM> ...
    <FUZZY_SLOP> ...
    <PREFIXTERM> ...
    <WILDTERM> ...
    <REGEXPTERM> ...
    "[" ...
    "{" ...
    <NUMBER> ...
    
	at org.apache.lucene.queryparser.classic.QueryParserBase.parse(QueryParserBase.java:128)
	at org.apache.lucene.queryparser.classic.MapperQueryParser.parse(MapperQueryParser.java:882)
	at org.elasticsearch.index.query.QueryStringQueryParser.parse(QueryStringQueryParser.java:223)
	... 11 more
Caused by: org.apache.lucene.queryparser.classic.ParseException: Encountered " ":" ": "" at line 1, column 15.
Was expecting one of:
    <EOF> 
    <AND> ...
    <OR> ...
    <NOT> ...
    "+" ...
    "-" ...
    <BAREOPER> ...
    "(" ...
    "*" ...
    "^" ...
    <QUOTED> ...
    <TERM> ...
    <FUZZY_SLOP> ...
    <PREFIXTERM> ...
    <WILDTERM> ...
    <REGEXPTERM> ...
    "[" ...
    "{" ...
    <NUMBER> ...
    
	at org.apache.lucene.queryparser.classic.QueryParser.generateParseException(QueryParser.java:710)
	at org.apache.lucene.queryparser.classic.QueryParser.jj_consume_token(QueryParser.java:592)
	at org.apache.lucene.queryparser.classic.QueryParser.TopLevelQuery(QueryParser.java:173)
	at org.apache.lucene.queryparser.classic.QueryParserBase.parse(QueryParserBase.java:123)
	... 13 more
[2014-12-24 16:45:04,447][DEBUG][action.count             ] [Citizen V] [tvshows][0], node[WWXdzPSRSFmrkDR7II5VpA], [P], s[STARTED]: failed to execute [[[tvshows]][], source[{"query":{"query_string":{"query":"showName:Alaska: The Last Frontier"}}}]]
org.elasticsearch.index.query.QueryParsingException: [tvshows] Failed to parse query [showName:Alaska: The Last Frontier]
	at org.elasticsearch.index.query.QueryStringQueryParser.parse(QueryStringQueryParser.java:240)
	at org.elasticsearch.index.query.QueryParseContext.parseInnerQuery(QueryParseContext.java:277)
	at org.elasticsearch.index.query.IndexQueryParserService.innerParse(IndexQueryParserService.java:382)
	at org.elasticsearch.index.query.IndexQueryParserService.parse(IndexQueryParserService.java:281)
	at org.elasticsearch.index.query.IndexQueryParserService.parse(IndexQueryParserService.java:276)
	at org.elasticsearch.index.query.IndexQueryParserService.parseQuery(IndexQueryParserService.java:354)
	at org.elasticsearch.action.count.TransportCountAction.shardOperation(TransportCountAction.java:187)
	at org.elasticsearch.action.count.TransportCountAction.shardOperation(TransportCountAction.java:66)
	at org.elasticsearch.action.support.broadcast.TransportBroadcastOperationAction$AsyncBroadcastAction$1.run(TransportBroadcastOperationAction.java:171)
	at java.util.concurrent.ThreadPoolExecutor.runWorker(ThreadPoolExecutor.java:1145)
	at java.util.concurrent.ThreadPoolExecutor$Worker.run(ThreadPoolExecutor.java:615)
	at java.lang.Thread.run(Thread.java:745)
Caused by: org.apache.lucene.queryparser.classic.ParseException: Cannot parse 'showName:Alaska: The Last Frontier': Encountered " ":" ": "" at line 1, column 15.
Was expecting one of:
    <EOF> 
    <AND> ...
    <OR> ...
    <NOT> ...
    "+" ...
    "-" ...
    <BAREOPER> ...
    "(" ...
    "*" ...
    "^" ...
    <QUOTED> ...
    <TERM> ...
    <FUZZY_SLOP> ...
    <PREFIXTERM> ...
    <WILDTERM> ...
    <REGEXPTERM> ...
    "[" ...
    "{" ...
    <NUMBER> ...
    
	at org.apache.lucene.queryparser.classic.QueryParserBase.parse(QueryParserBase.java:128)
	at org.apache.lucene.queryparser.classic.MapperQueryParser.parse(MapperQueryParser.java:882)
	at org.elasticsearch.index.query.QueryStringQueryParser.parse(QueryStringQueryParser.java:223)
	... 11 more
Caused by: org.apache.lucene.queryparser.classic.ParseException: Encountered " ":" ": "" at line 1, column 15.
Was expecting one of:
    <EOF> 
    <AND> ...
    <OR> ...
    <NOT> ...
    "+" ...
    "-" ...
    <BAREOPER> ...
    "(" ...
    "*" ...
    "^" ...
    <QUOTED> ...
    <TERM> ...
    <FUZZY_SLOP> ...
    <PREFIXTERM> ...
    <WILDTERM> ...
    <REGEXPTERM> ...
    "[" ...
    "{" ...
    <NUMBER> ...
    
	at org.apache.lucene.queryparser.classic.QueryParser.generateParseException(QueryParser.java:710)
	at org.apache.lucene.queryparser.classic.QueryParser.jj_consume_token(QueryParser.java:592)
	at org.apache.lucene.queryparser.classic.QueryParser.TopLevelQuery(QueryParser.java:173)
	at org.apache.lucene.queryparser.classic.QueryParserBase.parse(QueryParserBase.java:123)
	... 13 more
[2014-12-24 16:45:19,662][DEBUG][action.count             ] [Citizen V] [tvshows][0], node[WWXdzPSRSFmrkDR7II5VpA], [P], s[STARTED]: failed to execute [[[tvshows]][], source[{"query":{"query_string":{"query":"showName:Naruto: Shippuuden"}}}]]
org.elasticsearch.index.query.QueryParsingException: [tvshows] Failed to parse query [showName:Naruto: Shippuuden]
	at org.elasticsearch.index.query.QueryStringQueryParser.parse(QueryStringQueryParser.java:240)
	at org.elasticsearch.index.query.QueryParseContext.parseInnerQuery(QueryParseContext.java:277)
	at org.elasticsearch.index.query.IndexQueryParserService.innerParse(IndexQueryParserService.java:382)
	at org.elasticsearch.index.query.IndexQueryParserService.parse(IndexQueryParserService.java:281)
	at org.elasticsearch.index.query.IndexQueryParserService.parse(IndexQueryParserService.java:276)
	at org.elasticsearch.index.query.IndexQueryParserService.parseQuery(IndexQueryParserService.java:354)
	at org.elasticsearch.action.count.TransportCountAction.shardOperation(TransportCountAction.java:187)
	at org.elasticsearch.action.count.TransportCountAction.shardOperation(TransportCountAction.java:66)
	at org.elasticsearch.action.support.broadcast.TransportBroadcastOperationAction$AsyncBroadcastAction$1.run(TransportBroadcastOperationAction.java:171)
	at java.util.concurrent.ThreadPoolExecutor.runWorker(ThreadPoolExecutor.java:1145)
	at java.util.concurrent.ThreadPoolExecutor$Worker.run(ThreadPoolExecutor.java:615)
	at java.lang.Thread.run(Thread.java:745)
Caused by: org.apache.lucene.queryparser.classic.ParseException: Cannot parse 'showName:Naruto: Shippuuden': Encountered " ":" ": "" at line 1, column 15.
Was expecting one of:
    <EOF> 
    <AND> ...
    <OR> ...
    <NOT> ...
    "+" ...
    "-" ...
    <BAREOPER> ...
    "(" ...
    "*" ...
    "^" ...
    <QUOTED> ...
    <TERM> ...
    <FUZZY_SLOP> ...
    <PREFIXTERM> ...
    <WILDTERM> ...
    <REGEXPTERM> ...
    "[" ...
    "{" ...
    <NUMBER> ...
    
	at org.apache.lucene.queryparser.classic.QueryParserBase.parse(QueryParserBase.java:128)
	at org.apache.lucene.queryparser.classic.MapperQueryParser.parse(MapperQueryParser.java:882)
	at org.elasticsearch.index.query.QueryStringQueryParser.parse(QueryStringQueryParser.java:223)
	... 11 more
Caused by: org.apache.lucene.queryparser.classic.ParseException: Encountered " ":" ": "" at line 1, column 15.
Was expecting one of:
    <EOF> 
    <AND> ...
    <OR> ...
    <NOT> ...
    "+" ...
    "-" ...
    <BAREOPER> ...
    "(" ...
    "*" ...
    "^" ...
    <QUOTED> ...
    <TERM> ...
    <FUZZY_SLOP> ...
    <PREFIXTERM> ...
    <WILDTERM> ...
    <REGEXPTERM> ...
    "[" ...
    "{" ...
    <NUMBER> ...
    
	at org.apache.lucene.queryparser.classic.QueryParser.generateParseException(QueryParser.java:710)
	at org.apache.lucene.queryparser.classic.QueryParser.jj_consume_token(QueryParser.java:592)
	at org.apache.lucene.queryparser.classic.QueryParser.TopLevelQuery(QueryParser.java:173)
	at org.apache.lucene.queryparser.classic.QueryParserBase.parse(QueryParserBase.java:123)
	... 13 more
[2014-12-24 17:26:23,947][DEBUG][action.count             ] [Citizen V] [tvshows][0], node[WWXdzPSRSFmrkDR7II5VpA], [P], s[STARTED]: failed to execute [[[tvshows]][], source[{"query":{"query_string":{"query":"showName:Alaska: The Last Frontier"}}}]]
org.elasticsearch.index.query.QueryParsingException: [tvshows] Failed to parse query [showName:Alaska: The Last Frontier]
	at org.elasticsearch.index.query.QueryStringQueryParser.parse(QueryStringQueryParser.java:240)
	at org.elasticsearch.index.query.QueryParseContext.parseInnerQuery(QueryParseContext.java:277)
	at org.elasticsearch.index.query.IndexQueryParserService.innerParse(IndexQueryParserService.java:382)
	at org.elasticsearch.index.query.IndexQueryParserService.parse(IndexQueryParserService.java:281)
	at org.elasticsearch.index.query.IndexQueryParserService.parse(IndexQueryParserService.java:276)
	at org.elasticsearch.index.query.IndexQueryParserService.parseQuery(IndexQueryParserService.java:354)
	at org.elasticsearch.action.count.TransportCountAction.shardOperation(TransportCountAction.java:187)
	at org.elasticsearch.action.count.TransportCountAction.shardOperation(TransportCountAction.java:66)
	at org.elasticsearch.action.support.broadcast.TransportBroadcastOperationAction$AsyncBroadcastAction$1.run(TransportBroadcastOperationAction.java:171)
	at java.util.concurrent.ThreadPoolExecutor.runWorker(ThreadPoolExecutor.java:1145)
	at java.util.concurrent.ThreadPoolExecutor$Worker.run(ThreadPoolExecutor.java:615)
	at java.lang.Thread.run(Thread.java:745)
Caused by: org.apache.lucene.queryparser.classic.ParseException: Cannot parse 'showName:Alaska: The Last Frontier': Encountered " ":" ": "" at line 1, column 15.
Was expecting one of:
    <EOF> 
    <AND> ...
    <OR> ...
    <NOT> ...
    "+" ...
    "-" ...
    <BAREOPER> ...
    "(" ...
    "*" ...
    "^" ...
    <QUOTED> ...
    <TERM> ...
    <FUZZY_SLOP> ...
    <PREFIXTERM> ...
    <WILDTERM> ...
    <REGEXPTERM> ...
    "[" ...
    "{" ...
    <NUMBER> ...
    
	at org.apache.lucene.queryparser.classic.QueryParserBase.parse(QueryParserBase.java:128)
	at org.apache.lucene.queryparser.classic.MapperQueryParser.parse(MapperQueryParser.java:882)
	at org.elasticsearch.index.query.QueryStringQueryParser.parse(QueryStringQueryParser.java:223)
	... 11 more
Caused by: org.apache.lucene.queryparser.classic.ParseException: Encountered " ":" ": "" at line 1, column 15.
Was expecting one of:
    <EOF> 
    <AND> ...
    <OR> ...
    <NOT> ...
    "+" ...
    "-" ...
    <BAREOPER> ...
    "(" ...
    "*" ...
    "^" ...
    <QUOTED> ...
    <TERM> ...
    <FUZZY_SLOP> ...
    <PREFIXTERM> ...
    <WILDTERM> ...
    <REGEXPTERM> ...
    "[" ...
    "{" ...
    <NUMBER> ...
    
	at org.apache.lucene.queryparser.classic.QueryParser.generateParseException(QueryParser.java:710)
	at org.apache.lucene.queryparser.classic.QueryParser.jj_consume_token(QueryParser.java:592)
	at org.apache.lucene.queryparser.classic.QueryParser.TopLevelQuery(QueryParser.java:173)
	at org.apache.lucene.queryparser.classic.QueryParserBase.parse(QueryParserBase.java:123)
	... 13 more
[2014-12-24 17:26:32,576][DEBUG][action.count             ] [Citizen V] [tvshows][0], node[WWXdzPSRSFmrkDR7II5VpA], [P], s[STARTED]: failed to execute [[[tvshows]][], source[{"query":{"query_string":{"query":"showName:Naruto: Shippuuden"}}}]]
org.elasticsearch.index.query.QueryParsingException: [tvshows] Failed to parse query [showName:Naruto: Shippuuden]
	at org.elasticsearch.index.query.QueryStringQueryParser.parse(QueryStringQueryParser.java:240)
	at org.elasticsearch.index.query.QueryParseContext.parseInnerQuery(QueryParseContext.java:277)
	at org.elasticsearch.index.query.IndexQueryParserService.innerParse(IndexQueryParserService.java:382)
	at org.elasticsearch.index.query.IndexQueryParserService.parse(IndexQueryParserService.java:281)
	at org.elasticsearch.index.query.IndexQueryParserService.parse(IndexQueryParserService.java:276)
	at org.elasticsearch.index.query.IndexQueryParserService.parseQuery(IndexQueryParserService.java:354)
	at org.elasticsearch.action.count.TransportCountAction.shardOperation(TransportCountAction.java:187)
	at org.elasticsearch.action.count.TransportCountAction.shardOperation(TransportCountAction.java:66)
	at org.elasticsearch.action.support.broadcast.TransportBroadcastOperationAction$AsyncBroadcastAction$1.run(TransportBroadcastOperationAction.java:171)
	at java.util.concurrent.ThreadPoolExecutor.runWorker(ThreadPoolExecutor.java:1145)
	at java.util.concurrent.ThreadPoolExecutor$Worker.run(ThreadPoolExecutor.java:615)
	at java.lang.Thread.run(Thread.java:745)
Caused by: org.apache.lucene.queryparser.classic.ParseException: Cannot parse 'showName:Naruto: Shippuuden': Encountered " ":" ": "" at line 1, column 15.
Was expecting one of:
    <EOF> 
    <AND> ...
    <OR> ...
    <NOT> ...
    "+" ...
    "-" ...
    <BAREOPER> ...
    "(" ...
    "*" ...
    "^" ...
    <QUOTED> ...
    <TERM> ...
    <FUZZY_SLOP> ...
    <PREFIXTERM> ...
    <WILDTERM> ...
    <REGEXPTERM> ...
    "[" ...
    "{" ...
    <NUMBER> ...
    
	at org.apache.lucene.queryparser.classic.QueryParserBase.parse(QueryParserBase.java:128)
	at org.apache.lucene.queryparser.classic.MapperQueryParser.parse(MapperQueryParser.java:882)
	at org.elasticsearch.index.query.QueryStringQueryParser.parse(QueryStringQueryParser.java:223)
	... 11 more
Caused by: org.apache.lucene.queryparser.classic.ParseException: Encountered " ":" ": "" at line 1, column 15.
Was expecting one of:
    <EOF> 
    <AND> ...
    <OR> ...
    <NOT> ...
    "+" ...
    "-" ...
    <BAREOPER> ...
    "(" ...
    "*" ...
    "^" ...
    <QUOTED> ...
    <TERM> ...
    <FUZZY_SLOP> ...
    <PREFIXTERM> ...
    <WILDTERM> ...
    <REGEXPTERM> ...
    "[" ...
    "{" ...
    <NUMBER> ...
    
	at org.apache.lucene.queryparser.classic.QueryParser.generateParseException(QueryParser.java:710)
	at org.apache.lucene.queryparser.classic.QueryParser.jj_consume_token(QueryParser.java:592)
	at org.apache.lucene.queryparser.classic.QueryParser.TopLevelQuery(QueryParser.java:173)
	at org.apache.lucene.queryparser.classic.QueryParserBase.parse(QueryParserBase.java:123)
	... 13 more
[2014-12-24 17:38:18,623][DEBUG][action.count             ] [Citizen V] [tvshows][0], node[WWXdzPSRSFmrkDR7II5VpA], [P], s[STARTED]: failed to execute [[[tvshows]][], source[{"query":{"query_string":{"query":"showName:Alaska: The Last Frontier"}}}]]
org.elasticsearch.index.query.QueryParsingException: [tvshows] Failed to parse query [showName:Alaska: The Last Frontier]
	at org.elasticsearch.index.query.QueryStringQueryParser.parse(QueryStringQueryParser.java:240)
	at org.elasticsearch.index.query.QueryParseContext.parseInnerQuery(QueryParseContext.java:277)
	at org.elasticsearch.index.query.IndexQueryParserService.innerParse(IndexQueryParserService.java:382)
	at org.elasticsearch.index.query.IndexQueryParserService.parse(IndexQueryParserService.java:281)
	at org.elasticsearch.index.query.IndexQueryParserService.parse(IndexQueryParserService.java:276)
	at org.elasticsearch.index.query.IndexQueryParserService.parseQuery(IndexQueryParserService.java:354)
	at org.elasticsearch.action.count.TransportCountAction.shardOperation(TransportCountAction.java:187)
	at org.elasticsearch.action.count.TransportCountAction.shardOperation(TransportCountAction.java:66)
	at org.elasticsearch.action.support.broadcast.TransportBroadcastOperationAction$AsyncBroadcastAction$1.run(TransportBroadcastOperationAction.java:171)
	at java.util.concurrent.ThreadPoolExecutor.runWorker(ThreadPoolExecutor.java:1145)
	at java.util.concurrent.ThreadPoolExecutor$Worker.run(ThreadPoolExecutor.java:615)
	at java.lang.Thread.run(Thread.java:745)
Caused by: org.apache.lucene.queryparser.classic.ParseException: Cannot parse 'showName:Alaska: The Last Frontier': Encountered " ":" ": "" at line 1, column 15.
Was expecting one of:
    <EOF> 
    <AND> ...
    <OR> ...
    <NOT> ...
    "+" ...
    "-" ...
    <BAREOPER> ...
    "(" ...
    "*" ...
    "^" ...
    <QUOTED> ...
    <TERM> ...
    <FUZZY_SLOP> ...
    <PREFIXTERM> ...
    <WILDTERM> ...
    <REGEXPTERM> ...
    "[" ...
    "{" ...
    <NUMBER> ...
    
	at org.apache.lucene.queryparser.classic.QueryParserBase.parse(QueryParserBase.java:128)
	at org.apache.lucene.queryparser.classic.MapperQueryParser.parse(MapperQueryParser.java:882)
	at org.elasticsearch.index.query.QueryStringQueryParser.parse(QueryStringQueryParser.java:223)
	... 11 more
Caused by: org.apache.lucene.queryparser.classic.ParseException: Encountered " ":" ": "" at line 1, column 15.
Was expecting one of:
    <EOF> 
    <AND> ...
    <OR> ...
    <NOT> ...
    "+" ...
    "-" ...
    <BAREOPER> ...
    "(" ...
    "*" ...
    "^" ...
    <QUOTED> ...
    <TERM> ...
    <FUZZY_SLOP> ...
    <PREFIXTERM> ...
    <WILDTERM> ...
    <REGEXPTERM> ...
    "[" ...
    "{" ...
    <NUMBER> ...
    
	at org.apache.lucene.queryparser.classic.QueryParser.generateParseException(QueryParser.java:710)
	at org.apache.lucene.queryparser.classic.QueryParser.jj_consume_token(QueryParser.java:592)
	at org.apache.lucene.queryparser.classic.QueryParser.TopLevelQuery(QueryParser.java:173)
	at org.apache.lucene.queryparser.classic.QueryParserBase.parse(QueryParserBase.java:123)
	... 13 more
[2014-12-24 17:38:37,782][DEBUG][action.count             ] [Citizen V] [tvshows][0], node[WWXdzPSRSFmrkDR7II5VpA], [P], s[STARTED]: failed to execute [[[tvshows]][], source[{"query":{"query_string":{"query":"showName:Naruto: Shippuuden"}}}]]
org.elasticsearch.index.query.QueryParsingException: [tvshows] Failed to parse query [showName:Naruto: Shippuuden]
	at org.elasticsearch.index.query.QueryStringQueryParser.parse(QueryStringQueryParser.java:240)
	at org.elasticsearch.index.query.QueryParseContext.parseInnerQuery(QueryParseContext.java:277)
	at org.elasticsearch.index.query.IndexQueryParserService.innerParse(IndexQueryParserService.java:382)
	at org.elasticsearch.index.query.IndexQueryParserService.parse(IndexQueryParserService.java:281)
	at org.elasticsearch.index.query.IndexQueryParserService.parse(IndexQueryParserService.java:276)
	at org.elasticsearch.index.query.IndexQueryParserService.parseQuery(IndexQueryParserService.java:354)
	at org.elasticsearch.action.count.TransportCountAction.shardOperation(TransportCountAction.java:187)
	at org.elasticsearch.action.count.TransportCountAction.shardOperation(TransportCountAction.java:66)
	at org.elasticsearch.action.support.broadcast.TransportBroadcastOperationAction$AsyncBroadcastAction$1.run(TransportBroadcastOperationAction.java:171)
	at java.util.concurrent.ThreadPoolExecutor.runWorker(ThreadPoolExecutor.java:1145)
	at java.util.concurrent.ThreadPoolExecutor$Worker.run(ThreadPoolExecutor.java:615)
	at java.lang.Thread.run(Thread.java:745)
Caused by: org.apache.lucene.queryparser.classic.ParseException: Cannot parse 'showName:Naruto: Shippuuden': Encountered " ":" ": "" at line 1, column 15.
Was expecting one of:
    <EOF> 
    <AND> ...
    <OR> ...
    <NOT> ...
    "+" ...
    "-" ...
    <BAREOPER> ...
    "(" ...
    "*" ...
    "^" ...
    <QUOTED> ...
    <TERM> ...
    <FUZZY_SLOP> ...
    <PREFIXTERM> ...
    <WILDTERM> ...
    <REGEXPTERM> ...
    "[" ...
    "{" ...
    <NUMBER> ...
    
	at org.apache.lucene.queryparser.classic.QueryParserBase.parse(QueryParserBase.java:128)
	at org.apache.lucene.queryparser.classic.MapperQueryParser.parse(MapperQueryParser.java:882)
	at org.elasticsearch.index.query.QueryStringQueryParser.parse(QueryStringQueryParser.java:223)
	... 11 more
Caused by: org.apache.lucene.queryparser.classic.ParseException: Encountered " ":" ": "" at line 1, column 15.
Was expecting one of:
    <EOF> 
    <AND> ...
    <OR> ...
    <NOT> ...
    "+" ...
    "-" ...
    <BAREOPER> ...
    "(" ...
    "*" ...
    "^" ...
    <QUOTED> ...
    <TERM> ...
    <FUZZY_SLOP> ...
    <PREFIXTERM> ...
    <WILDTERM> ...
    <REGEXPTERM> ...
    "[" ...
    "{" ...
    <NUMBER> ...
    
	at org.apache.lucene.queryparser.classic.QueryParser.generateParseException(QueryParser.java:710)
	at org.apache.lucene.queryparser.classic.QueryParser.jj_consume_token(QueryParser.java:592)
	at org.apache.lucene.queryparser.classic.QueryParser.TopLevelQuery(QueryParser.java:173)
	at org.apache.lucene.queryparser.classic.QueryParserBase.parse(QueryParserBase.java:123)
	... 13 more
[2014-12-24 17:41:51,899][DEBUG][action.count             ] [Citizen V] [tvshows][0], node[WWXdzPSRSFmrkDR7II5VpA], [P], s[STARTED]: failed to execute [[[tvshows]][], source[{"query":{"query_string":{"query":"showName:Alaska: The Last Frontier"}}}]]
org.elasticsearch.index.query.QueryParsingException: [tvshows] Failed to parse query [showName:Alaska: The Last Frontier]
	at org.elasticsearch.index.query.QueryStringQueryParser.parse(QueryStringQueryParser.java:240)
	at org.elasticsearch.index.query.QueryParseContext.parseInnerQuery(QueryParseContext.java:277)
	at org.elasticsearch.index.query.IndexQueryParserService.innerParse(IndexQueryParserService.java:382)
	at org.elasticsearch.index.query.IndexQueryParserService.parse(IndexQueryParserService.java:281)
	at org.elasticsearch.index.query.IndexQueryParserService.parse(IndexQueryParserService.java:276)
	at org.elasticsearch.index.query.IndexQueryParserService.parseQuery(IndexQueryParserService.java:354)
	at org.elasticsearch.action.count.TransportCountAction.shardOperation(TransportCountAction.java:187)
	at org.elasticsearch.action.count.TransportCountAction.shardOperation(TransportCountAction.java:66)
	at org.elasticsearch.action.support.broadcast.TransportBroadcastOperationAction$AsyncBroadcastAction$1.run(TransportBroadcastOperationAction.java:171)
	at java.util.concurrent.ThreadPoolExecutor.runWorker(ThreadPoolExecutor.java:1145)
	at java.util.concurrent.ThreadPoolExecutor$Worker.run(ThreadPoolExecutor.java:615)
	at java.lang.Thread.run(Thread.java:745)
Caused by: org.apache.lucene.queryparser.classic.ParseException: Cannot parse 'showName:Alaska: The Last Frontier': Encountered " ":" ": "" at line 1, column 15.
Was expecting one of:
    <EOF> 
    <AND> ...
    <OR> ...
    <NOT> ...
    "+" ...
    "-" ...
    <BAREOPER> ...
    "(" ...
    "*" ...
    "^" ...
    <QUOTED> ...
    <TERM> ...
    <FUZZY_SLOP> ...
    <PREFIXTERM> ...
    <WILDTERM> ...
    <REGEXPTERM> ...
    "[" ...
    "{" ...
    <NUMBER> ...
    
	at org.apache.lucene.queryparser.classic.QueryParserBase.parse(QueryParserBase.java:128)
	at org.apache.lucene.queryparser.classic.MapperQueryParser.parse(MapperQueryParser.java:882)
	at org.elasticsearch.index.query.QueryStringQueryParser.parse(QueryStringQueryParser.java:223)
	... 11 more
Caused by: org.apache.lucene.queryparser.classic.ParseException: Encountered " ":" ": "" at line 1, column 15.
Was expecting one of:
    <EOF> 
    <AND> ...
    <OR> ...
    <NOT> ...
    "+" ...
    "-" ...
    <BAREOPER> ...
    "(" ...
    "*" ...
    "^" ...
    <QUOTED> ...
    <TERM> ...
    <FUZZY_SLOP> ...
    <PREFIXTERM> ...
    <WILDTERM> ...
    <REGEXPTERM> ...
    "[" ...
    "{" ...
    <NUMBER> ...
    
	at org.apache.lucene.queryparser.classic.QueryParser.generateParseException(QueryParser.java:710)
	at org.apache.lucene.queryparser.classic.QueryParser.jj_consume_token(QueryParser.java:592)
	at org.apache.lucene.queryparser.classic.QueryParser.TopLevelQuery(QueryParser.java:173)
	at org.apache.lucene.queryparser.classic.QueryParserBase.parse(QueryParserBase.java:123)
	... 13 more
[2014-12-24 17:42:11,048][DEBUG][action.count             ] [Citizen V] [tvshows][0], node[WWXdzPSRSFmrkDR7II5VpA], [P], s[STARTED]: failed to execute [[[tvshows]][], source[{"query":{"query_string":{"query":"showName:Naruto: Shippuuden"}}}]]
org.elasticsearch.index.query.QueryParsingException: [tvshows] Failed to parse query [showName:Naruto: Shippuuden]
	at org.elasticsearch.index.query.QueryStringQueryParser.parse(QueryStringQueryParser.java:240)
	at org.elasticsearch.index.query.QueryParseContext.parseInnerQuery(QueryParseContext.java:277)
	at org.elasticsearch.index.query.IndexQueryParserService.innerParse(IndexQueryParserService.java:382)
	at org.elasticsearch.index.query.IndexQueryParserService.parse(IndexQueryParserService.java:281)
	at org.elasticsearch.index.query.IndexQueryParserService.parse(IndexQueryParserService.java:276)
	at org.elasticsearch.index.query.IndexQueryParserService.parseQuery(IndexQueryParserService.java:354)
	at org.elasticsearch.action.count.TransportCountAction.shardOperation(TransportCountAction.java:187)
	at org.elasticsearch.action.count.TransportCountAction.shardOperation(TransportCountAction.java:66)
	at org.elasticsearch.action.support.broadcast.TransportBroadcastOperationAction$AsyncBroadcastAction$1.run(TransportBroadcastOperationAction.java:171)
	at java.util.concurrent.ThreadPoolExecutor.runWorker(ThreadPoolExecutor.java:1145)
	at java.util.concurrent.ThreadPoolExecutor$Worker.run(ThreadPoolExecutor.java:615)
	at java.lang.Thread.run(Thread.java:745)
Caused by: org.apache.lucene.queryparser.classic.ParseException: Cannot parse 'showName:Naruto: Shippuuden': Encountered " ":" ": "" at line 1, column 15.
Was expecting one of:
    <EOF> 
    <AND> ...
    <OR> ...
    <NOT> ...
    "+" ...
    "-" ...
    <BAREOPER> ...
    "(" ...
    "*" ...
    "^" ...
    <QUOTED> ...
    <TERM> ...
    <FUZZY_SLOP> ...
    <PREFIXTERM> ...
    <WILDTERM> ...
    <REGEXPTERM> ...
    "[" ...
    "{" ...
    <NUMBER> ...
    
	at org.apache.lucene.queryparser.classic.QueryParserBase.parse(QueryParserBase.java:128)
	at org.apache.lucene.queryparser.classic.MapperQueryParser.parse(MapperQueryParser.java:882)
	at org.elasticsearch.index.query.QueryStringQueryParser.parse(QueryStringQueryParser.java:223)
	... 11 more
Caused by: org.apache.lucene.queryparser.classic.ParseException: Encountered " ":" ": "" at line 1, column 15.
Was expecting one of:
    <EOF> 
    <AND> ...
    <OR> ...
    <NOT> ...
    "+" ...
    "-" ...
    <BAREOPER> ...
    "(" ...
    "*" ...
    "^" ...
    <QUOTED> ...
    <TERM> ...
    <FUZZY_SLOP> ...
    <PREFIXTERM> ...
    <WILDTERM> ...
    <REGEXPTERM> ...
    "[" ...
    "{" ...
    <NUMBER> ...
    
	at org.apache.lucene.queryparser.classic.QueryParser.generateParseException(QueryParser.java:710)
	at org.apache.lucene.queryparser.classic.QueryParser.jj_consume_token(QueryParser.java:592)
	at org.apache.lucene.queryparser.classic.QueryParser.TopLevelQuery(QueryParser.java:173)
	at org.apache.lucene.queryparser.classic.QueryParserBase.parse(QueryParserBase.java:123)
	... 13 more
[2014-12-24 17:52:04,318][DEBUG][action.count             ] [Citizen V] [tvshows][0], node[WWXdzPSRSFmrkDR7II5VpA], [P], s[STARTED]: failed to execute [[[tvshows]][], source[{"query":{"query_string":{"query":"showName:Alaska: The Last Frontier"}}}]]
org.elasticsearch.index.query.QueryParsingException: [tvshows] Failed to parse query [showName:Alaska: The Last Frontier]
	at org.elasticsearch.index.query.QueryStringQueryParser.parse(QueryStringQueryParser.java:240)
	at org.elasticsearch.index.query.QueryParseContext.parseInnerQuery(QueryParseContext.java:277)
	at org.elasticsearch.index.query.IndexQueryParserService.innerParse(IndexQueryParserService.java:382)
	at org.elasticsearch.index.query.IndexQueryParserService.parse(IndexQueryParserService.java:281)
	at org.elasticsearch.index.query.IndexQueryParserService.parse(IndexQueryParserService.java:276)
	at org.elasticsearch.index.query.IndexQueryParserService.parseQuery(IndexQueryParserService.java:354)
	at org.elasticsearch.action.count.TransportCountAction.shardOperation(TransportCountAction.java:187)
	at org.elasticsearch.action.count.TransportCountAction.shardOperation(TransportCountAction.java:66)
	at org.elasticsearch.action.support.broadcast.TransportBroadcastOperationAction$AsyncBroadcastAction$1.run(TransportBroadcastOperationAction.java:171)
	at java.util.concurrent.ThreadPoolExecutor.runWorker(ThreadPoolExecutor.java:1145)
	at java.util.concurrent.ThreadPoolExecutor$Worker.run(ThreadPoolExecutor.java:615)
	at java.lang.Thread.run(Thread.java:745)
Caused by: org.apache.lucene.queryparser.classic.ParseException: Cannot parse 'showName:Alaska: The Last Frontier': Encountered " ":" ": "" at line 1, column 15.
Was expecting one of:
    <EOF> 
    <AND> ...
    <OR> ...
    <NOT> ...
    "+" ...
    "-" ...
    <BAREOPER> ...
    "(" ...
    "*" ...
    "^" ...
    <QUOTED> ...
    <TERM> ...
    <FUZZY_SLOP> ...
    <PREFIXTERM> ...
    <WILDTERM> ...
    <REGEXPTERM> ...
    "[" ...
    "{" ...
    <NUMBER> ...
    
	at org.apache.lucene.queryparser.classic.QueryParserBase.parse(QueryParserBase.java:128)
	at org.apache.lucene.queryparser.classic.MapperQueryParser.parse(MapperQueryParser.java:882)
	at org.elasticsearch.index.query.QueryStringQueryParser.parse(QueryStringQueryParser.java:223)
	... 11 more
Caused by: org.apache.lucene.queryparser.classic.ParseException: Encountered " ":" ": "" at line 1, column 15.
Was expecting one of:
    <EOF> 
    <AND> ...
    <OR> ...
    <NOT> ...
    "+" ...
    "-" ...
    <BAREOPER> ...
    "(" ...
    "*" ...
    "^" ...
    <QUOTED> ...
    <TERM> ...
    <FUZZY_SLOP> ...
    <PREFIXTERM> ...
    <WILDTERM> ...
    <REGEXPTERM> ...
    "[" ...
    "{" ...
    <NUMBER> ...
    
	at org.apache.lucene.queryparser.classic.QueryParser.generateParseException(QueryParser.java:710)
	at org.apache.lucene.queryparser.classic.QueryParser.jj_consume_token(QueryParser.java:592)
	at org.apache.lucene.queryparser.classic.QueryParser.TopLevelQuery(QueryParser.java:173)
	at org.apache.lucene.queryparser.classic.QueryParserBase.parse(QueryParserBase.java:123)
	... 13 more
[2014-12-24 18:01:21,490][DEBUG][action.count             ] [Citizen V] [tvshows][0], node[WWXdzPSRSFmrkDR7II5VpA], [P], s[STARTED]: failed to execute [[[tvshows]][], source[{"query":{"query_string":{"query":"showName:Alaska: The Last Frontier"}}}]]
org.elasticsearch.index.query.QueryParsingException: [tvshows] Failed to parse query [showName:Alaska: The Last Frontier]
	at org.elasticsearch.index.query.QueryStringQueryParser.parse(QueryStringQueryParser.java:240)
	at org.elasticsearch.index.query.QueryParseContext.parseInnerQuery(QueryParseContext.java:277)
	at org.elasticsearch.index.query.IndexQueryParserService.innerParse(IndexQueryParserService.java:382)
	at org.elasticsearch.index.query.IndexQueryParserService.parse(IndexQueryParserService.java:281)
	at org.elasticsearch.index.query.IndexQueryParserService.parse(IndexQueryParserService.java:276)
	at org.elasticsearch.index.query.IndexQueryParserService.parseQuery(IndexQueryParserService.java:354)
	at org.elasticsearch.action.count.TransportCountAction.shardOperation(TransportCountAction.java:187)
	at org.elasticsearch.action.count.TransportCountAction.shardOperation(TransportCountAction.java:66)
	at org.elasticsearch.action.support.broadcast.TransportBroadcastOperationAction$AsyncBroadcastAction$1.run(TransportBroadcastOperationAction.java:171)
	at java.util.concurrent.ThreadPoolExecutor.runWorker(ThreadPoolExecutor.java:1145)
	at java.util.concurrent.ThreadPoolExecutor$Worker.run(ThreadPoolExecutor.java:615)
	at java.lang.Thread.run(Thread.java:745)
Caused by: org.apache.lucene.queryparser.classic.ParseException: Cannot parse 'showName:Alaska: The Last Frontier': Encountered " ":" ": "" at line 1, column 15.
Was expecting one of:
    <EOF> 
    <AND> ...
    <OR> ...
    <NOT> ...
    "+" ...
    "-" ...
    <BAREOPER> ...
    "(" ...
    "*" ...
    "^" ...
    <QUOTED> ...
    <TERM> ...
    <FUZZY_SLOP> ...
    <PREFIXTERM> ...
    <WILDTERM> ...
    <REGEXPTERM> ...
    "[" ...
    "{" ...
    <NUMBER> ...
    
	at org.apache.lucene.queryparser.classic.QueryParserBase.parse(QueryParserBase.java:128)
	at org.apache.lucene.queryparser.classic.MapperQueryParser.parse(MapperQueryParser.java:882)
	at org.elasticsearch.index.query.QueryStringQueryParser.parse(QueryStringQueryParser.java:223)
	... 11 more
Caused by: org.apache.lucene.queryparser.classic.ParseException: Encountered " ":" ": "" at line 1, column 15.
Was expecting one of:
    <EOF> 
    <AND> ...
    <OR> ...
    <NOT> ...
    "+" ...
    "-" ...
    <BAREOPER> ...
    "(" ...
    "*" ...
    "^" ...
    <QUOTED> ...
    <TERM> ...
    <FUZZY_SLOP> ...
    <PREFIXTERM> ...
    <WILDTERM> ...
    <REGEXPTERM> ...
    "[" ...
    "{" ...
    <NUMBER> ...
    
	at org.apache.lucene.queryparser.classic.QueryParser.generateParseException(QueryParser.java:710)
	at org.apache.lucene.queryparser.classic.QueryParser.jj_consume_token(QueryParser.java:592)
	at org.apache.lucene.queryparser.classic.QueryParser.TopLevelQuery(QueryParser.java:173)
	at org.apache.lucene.queryparser.classic.QueryParserBase.parse(QueryParserBase.java:123)
	... 13 more
[2014-12-24 18:01:42,297][DEBUG][action.count             ] [Citizen V] [tvshows][0], node[WWXdzPSRSFmrkDR7II5VpA], [P], s[STARTED]: failed to execute [[[tvshows]][], source[{"query":{"query_string":{"query":"showName:Naruto: Shippuuden"}}}]]
org.elasticsearch.index.query.QueryParsingException: [tvshows] Failed to parse query [showName:Naruto: Shippuuden]
	at org.elasticsearch.index.query.QueryStringQueryParser.parse(QueryStringQueryParser.java:240)
	at org.elasticsearch.index.query.QueryParseContext.parseInnerQuery(QueryParseContext.java:277)
	at org.elasticsearch.index.query.IndexQueryParserService.innerParse(IndexQueryParserService.java:382)
	at org.elasticsearch.index.query.IndexQueryParserService.parse(IndexQueryParserService.java:281)
	at org.elasticsearch.index.query.IndexQueryParserService.parse(IndexQueryParserService.java:276)
	at org.elasticsearch.index.query.IndexQueryParserService.parseQuery(IndexQueryParserService.java:354)
	at org.elasticsearch.action.count.TransportCountAction.shardOperation(TransportCountAction.java:187)
	at org.elasticsearch.action.count.TransportCountAction.shardOperation(TransportCountAction.java:66)
	at org.elasticsearch.action.support.broadcast.TransportBroadcastOperationAction$AsyncBroadcastAction$1.run(TransportBroadcastOperationAction.java:171)
	at java.util.concurrent.ThreadPoolExecutor.runWorker(ThreadPoolExecutor.java:1145)
	at java.util.concurrent.ThreadPoolExecutor$Worker.run(ThreadPoolExecutor.java:615)
	at java.lang.Thread.run(Thread.java:745)
Caused by: org.apache.lucene.queryparser.classic.ParseException: Cannot parse 'showName:Naruto: Shippuuden': Encountered " ":" ": "" at line 1, column 15.
Was expecting one of:
    <EOF> 
    <AND> ...
    <OR> ...
    <NOT> ...
    "+" ...
    "-" ...
    <BAREOPER> ...
    "(" ...
    "*" ...
    "^" ...
    <QUOTED> ...
    <TERM> ...
    <FUZZY_SLOP> ...
    <PREFIXTERM> ...
    <WILDTERM> ...
    <REGEXPTERM> ...
    "[" ...
    "{" ...
    <NUMBER> ...
    
	at org.apache.lucene.queryparser.classic.QueryParserBase.parse(QueryParserBase.java:128)
	at org.apache.lucene.queryparser.classic.MapperQueryParser.parse(MapperQueryParser.java:882)
	at org.elasticsearch.index.query.QueryStringQueryParser.parse(QueryStringQueryParser.java:223)
	... 11 more
Caused by: org.apache.lucene.queryparser.classic.ParseException: Encountered " ":" ": "" at line 1, column 15.
Was expecting one of:
    <EOF> 
    <AND> ...
    <OR> ...
    <NOT> ...
    "+" ...
    "-" ...
    <BAREOPER> ...
    "(" ...
    "*" ...
    "^" ...
    <QUOTED> ...
    <TERM> ...
    <FUZZY_SLOP> ...
    <PREFIXTERM> ...
    <WILDTERM> ...
    <REGEXPTERM> ...
    "[" ...
    "{" ...
    <NUMBER> ...
    
	at org.apache.lucene.queryparser.classic.QueryParser.generateParseException(QueryParser.java:710)
	at org.apache.lucene.queryparser.classic.QueryParser.jj_consume_token(QueryParser.java:592)
	at org.apache.lucene.queryparser.classic.QueryParser.TopLevelQuery(QueryParser.java:173)
	at org.apache.lucene.queryparser.classic.QueryParserBase.parse(QueryParserBase.java:123)
	... 13 more
[2014-12-24 18:05:49,344][DEBUG][action.count             ] [Citizen V] [tvshows][0], node[WWXdzPSRSFmrkDR7II5VpA], [P], s[STARTED]: failed to execute [[[tvshows]][], source[{"query":{"query_string":{"query":"showName:Alaska: The Last Frontier"}}}]]
org.elasticsearch.index.query.QueryParsingException: [tvshows] Failed to parse query [showName:Alaska: The Last Frontier]
	at org.elasticsearch.index.query.QueryStringQueryParser.parse(QueryStringQueryParser.java:240)
	at org.elasticsearch.index.query.QueryParseContext.parseInnerQuery(QueryParseContext.java:277)
	at org.elasticsearch.index.query.IndexQueryParserService.innerParse(IndexQueryParserService.java:382)
	at org.elasticsearch.index.query.IndexQueryParserService.parse(IndexQueryParserService.java:281)
	at org.elasticsearch.index.query.IndexQueryParserService.parse(IndexQueryParserService.java:276)
	at org.elasticsearch.index.query.IndexQueryParserService.parseQuery(IndexQueryParserService.java:354)
	at org.elasticsearch.action.count.TransportCountAction.shardOperation(TransportCountAction.java:187)
	at org.elasticsearch.action.count.TransportCountAction.shardOperation(TransportCountAction.java:66)
	at org.elasticsearch.action.support.broadcast.TransportBroadcastOperationAction$AsyncBroadcastAction$1.run(TransportBroadcastOperationAction.java:171)
	at java.util.concurrent.ThreadPoolExecutor.runWorker(ThreadPoolExecutor.java:1145)
	at java.util.concurrent.ThreadPoolExecutor$Worker.run(ThreadPoolExecutor.java:615)
	at java.lang.Thread.run(Thread.java:745)
Caused by: org.apache.lucene.queryparser.classic.ParseException: Cannot parse 'showName:Alaska: The Last Frontier': Encountered " ":" ": "" at line 1, column 15.
Was expecting one of:
    <EOF> 
    <AND> ...
    <OR> ...
    <NOT> ...
    "+" ...
    "-" ...
    <BAREOPER> ...
    "(" ...
    "*" ...
    "^" ...
    <QUOTED> ...
    <TERM> ...
    <FUZZY_SLOP> ...
    <PREFIXTERM> ...
    <WILDTERM> ...
    <REGEXPTERM> ...
    "[" ...
    "{" ...
    <NUMBER> ...
    
	at org.apache.lucene.queryparser.classic.QueryParserBase.parse(QueryParserBase.java:128)
	at org.apache.lucene.queryparser.classic.MapperQueryParser.parse(MapperQueryParser.java:882)
	at org.elasticsearch.index.query.QueryStringQueryParser.parse(QueryStringQueryParser.java:223)
	... 11 more
Caused by: org.apache.lucene.queryparser.classic.ParseException: Encountered " ":" ": "" at line 1, column 15.
Was expecting one of:
    <EOF> 
    <AND> ...
    <OR> ...
    <NOT> ...
    "+" ...
    "-" ...
    <BAREOPER> ...
    "(" ...
    "*" ...
    "^" ...
    <QUOTED> ...
    <TERM> ...
    <FUZZY_SLOP> ...
    <PREFIXTERM> ...
    <WILDTERM> ...
    <REGEXPTERM> ...
    "[" ...
    "{" ...
    <NUMBER> ...
    
	at org.apache.lucene.queryparser.classic.QueryParser.generateParseException(QueryParser.java:710)
	at org.apache.lucene.queryparser.classic.QueryParser.jj_consume_token(QueryParser.java:592)
	at org.apache.lucene.queryparser.classic.QueryParser.TopLevelQuery(QueryParser.java:173)
	at org.apache.lucene.queryparser.classic.QueryParserBase.parse(QueryParserBase.java:123)
	... 13 more
[2014-12-24 18:06:09,550][DEBUG][action.count             ] [Citizen V] [tvshows][0], node[WWXdzPSRSFmrkDR7II5VpA], [P], s[STARTED]: failed to execute [[[tvshows]][], source[{"query":{"query_string":{"query":"showName:Naruto: Shippuuden"}}}]]
org.elasticsearch.index.query.QueryParsingException: [tvshows] Failed to parse query [showName:Naruto: Shippuuden]
	at org.elasticsearch.index.query.QueryStringQueryParser.parse(QueryStringQueryParser.java:240)
	at org.elasticsearch.index.query.QueryParseContext.parseInnerQuery(QueryParseContext.java:277)
	at org.elasticsearch.index.query.IndexQueryParserService.innerParse(IndexQueryParserService.java:382)
	at org.elasticsearch.index.query.IndexQueryParserService.parse(IndexQueryParserService.java:281)
	at org.elasticsearch.index.query.IndexQueryParserService.parse(IndexQueryParserService.java:276)
	at org.elasticsearch.index.query.IndexQueryParserService.parseQuery(IndexQueryParserService.java:354)
	at org.elasticsearch.action.count.TransportCountAction.shardOperation(TransportCountAction.java:187)
	at org.elasticsearch.action.count.TransportCountAction.shardOperation(TransportCountAction.java:66)
	at org.elasticsearch.action.support.broadcast.TransportBroadcastOperationAction$AsyncBroadcastAction$1.run(TransportBroadcastOperationAction.java:171)
	at java.util.concurrent.ThreadPoolExecutor.runWorker(ThreadPoolExecutor.java:1145)
	at java.util.concurrent.ThreadPoolExecutor$Worker.run(ThreadPoolExecutor.java:615)
	at java.lang.Thread.run(Thread.java:745)
Caused by: org.apache.lucene.queryparser.classic.ParseException: Cannot parse 'showName:Naruto: Shippuuden': Encountered " ":" ": "" at line 1, column 15.
Was expecting one of:
    <EOF> 
    <AND> ...
    <OR> ...
    <NOT> ...
    "+" ...
    "-" ...
    <BAREOPER> ...
    "(" ...
    "*" ...
    "^" ...
    <QUOTED> ...
    <TERM> ...
    <FUZZY_SLOP> ...
    <PREFIXTERM> ...
    <WILDTERM> ...
    <REGEXPTERM> ...
    "[" ...
    "{" ...
    <NUMBER> ...
    
	at org.apache.lucene.queryparser.classic.QueryParserBase.parse(QueryParserBase.java:128)
	at org.apache.lucene.queryparser.classic.MapperQueryParser.parse(MapperQueryParser.java:882)
	at org.elasticsearch.index.query.QueryStringQueryParser.parse(QueryStringQueryParser.java:223)
	... 11 more
Caused by: org.apache.lucene.queryparser.classic.ParseException: Encountered " ":" ": "" at line 1, column 15.
Was expecting one of:
    <EOF> 
    <AND> ...
    <OR> ...
    <NOT> ...
    "+" ...
    "-" ...
    <BAREOPER> ...
    "(" ...
    "*" ...
    "^" ...
    <QUOTED> ...
    <TERM> ...
    <FUZZY_SLOP> ...
    <PREFIXTERM> ...
    <WILDTERM> ...
    <REGEXPTERM> ...
    "[" ...
    "{" ...
    <NUMBER> ...
    
	at org.apache.lucene.queryparser.classic.QueryParser.generateParseException(QueryParser.java:710)
	at org.apache.lucene.queryparser.classic.QueryParser.jj_consume_token(QueryParser.java:592)
	at org.apache.lucene.queryparser.classic.QueryParser.TopLevelQuery(QueryParser.java:173)
	at org.apache.lucene.queryparser.classic.QueryParserBase.parse(QueryParserBase.java:123)
	... 13 more
[2014-12-24 18:09:33,598][DEBUG][action.count             ] [Citizen V] [tvshows][0], node[WWXdzPSRSFmrkDR7II5VpA], [P], s[STARTED]: failed to execute [[[tvshows]][], source[{"query":{"query_string":{"query":"showName:Alaska: The Last Frontier"}}}]]
org.elasticsearch.index.query.QueryParsingException: [tvshows] Failed to parse query [showName:Alaska: The Last Frontier]
	at org.elasticsearch.index.query.QueryStringQueryParser.parse(QueryStringQueryParser.java:240)
	at org.elasticsearch.index.query.QueryParseContext.parseInnerQuery(QueryParseContext.java:277)
	at org.elasticsearch.index.query.IndexQueryParserService.innerParse(IndexQueryParserService.java:382)
	at org.elasticsearch.index.query.IndexQueryParserService.parse(IndexQueryParserService.java:281)
	at org.elasticsearch.index.query.IndexQueryParserService.parse(IndexQueryParserService.java:276)
	at org.elasticsearch.index.query.IndexQueryParserService.parseQuery(IndexQueryParserService.java:354)
	at org.elasticsearch.action.count.TransportCountAction.shardOperation(TransportCountAction.java:187)
	at org.elasticsearch.action.count.TransportCountAction.shardOperation(TransportCountAction.java:66)
	at org.elasticsearch.action.support.broadcast.TransportBroadcastOperationAction$AsyncBroadcastAction$1.run(TransportBroadcastOperationAction.java:171)
	at java.util.concurrent.ThreadPoolExecutor.runWorker(ThreadPoolExecutor.java:1145)
	at java.util.concurrent.ThreadPoolExecutor$Worker.run(ThreadPoolExecutor.java:615)
	at java.lang.Thread.run(Thread.java:745)
Caused by: org.apache.lucene.queryparser.classic.ParseException: Cannot parse 'showName:Alaska: The Last Frontier': Encountered " ":" ": "" at line 1, column 15.
Was expecting one of:
    <EOF> 
    <AND> ...
    <OR> ...
    <NOT> ...
    "+" ...
    "-" ...
    <BAREOPER> ...
    "(" ...
    "*" ...
    "^" ...
    <QUOTED> ...
    <TERM> ...
    <FUZZY_SLOP> ...
    <PREFIXTERM> ...
    <WILDTERM> ...
    <REGEXPTERM> ...
    "[" ...
    "{" ...
    <NUMBER> ...
    
	at org.apache.lucene.queryparser.classic.QueryParserBase.parse(QueryParserBase.java:128)
	at org.apache.lucene.queryparser.classic.MapperQueryParser.parse(MapperQueryParser.java:882)
	at org.elasticsearch.index.query.QueryStringQueryParser.parse(QueryStringQueryParser.java:223)
	... 11 more
Caused by: org.apache.lucene.queryparser.classic.ParseException: Encountered " ":" ": "" at line 1, column 15.
Was expecting one of:
    <EOF> 
    <AND> ...
    <OR> ...
    <NOT> ...
    "+" ...
    "-" ...
    <BAREOPER> ...
    "(" ...
    "*" ...
    "^" ...
    <QUOTED> ...
    <TERM> ...
    <FUZZY_SLOP> ...
    <PREFIXTERM> ...
    <WILDTERM> ...
    <REGEXPTERM> ...
    "[" ...
    "{" ...
    <NUMBER> ...
    
	at org.apache.lucene.queryparser.classic.QueryParser.generateParseException(QueryParser.java:710)
	at org.apache.lucene.queryparser.classic.QueryParser.jj_consume_token(QueryParser.java:592)
	at org.apache.lucene.queryparser.classic.QueryParser.TopLevelQuery(QueryParser.java:173)
	at org.apache.lucene.queryparser.classic.QueryParserBase.parse(QueryParserBase.java:123)
	... 13 more
[2014-12-24 18:10:02,448][DEBUG][action.count             ] [Citizen V] [tvshows][0], node[WWXdzPSRSFmrkDR7II5VpA], [P], s[STARTED]: failed to execute [[[tvshows]][], source[{"query":{"query_string":{"query":"showName:Naruto: Shippuuden"}}}]]
org.elasticsearch.index.query.QueryParsingException: [tvshows] Failed to parse query [showName:Naruto: Shippuuden]
	at org.elasticsearch.index.query.QueryStringQueryParser.parse(QueryStringQueryParser.java:240)
	at org.elasticsearch.index.query.QueryParseContext.parseInnerQuery(QueryParseContext.java:277)
	at org.elasticsearch.index.query.IndexQueryParserService.innerParse(IndexQueryParserService.java:382)
	at org.elasticsearch.index.query.IndexQueryParserService.parse(IndexQueryParserService.java:281)
	at org.elasticsearch.index.query.IndexQueryParserService.parse(IndexQueryParserService.java:276)
	at org.elasticsearch.index.query.IndexQueryParserService.parseQuery(IndexQueryParserService.java:354)
	at org.elasticsearch.action.count.TransportCountAction.shardOperation(TransportCountAction.java:187)
	at org.elasticsearch.action.count.TransportCountAction.shardOperation(TransportCountAction.java:66)
	at org.elasticsearch.action.support.broadcast.TransportBroadcastOperationAction$AsyncBroadcastAction$1.run(TransportBroadcastOperationAction.java:171)
	at java.util.concurrent.ThreadPoolExecutor.runWorker(ThreadPoolExecutor.java:1145)
	at java.util.concurrent.ThreadPoolExecutor$Worker.run(ThreadPoolExecutor.java:615)
	at java.lang.Thread.run(Thread.java:745)
Caused by: org.apache.lucene.queryparser.classic.ParseException: Cannot parse 'showName:Naruto: Shippuuden': Encountered " ":" ": "" at line 1, column 15.
Was expecting one of:
    <EOF> 
    <AND> ...
    <OR> ...
    <NOT> ...
    "+" ...
    "-" ...
    <BAREOPER> ...
    "(" ...
    "*" ...
    "^" ...
    <QUOTED> ...
    <TERM> ...
    <FUZZY_SLOP> ...
    <PREFIXTERM> ...
    <WILDTERM> ...
    <REGEXPTERM> ...
    "[" ...
    "{" ...
    <NUMBER> ...
    
	at org.apache.lucene.queryparser.classic.QueryParserBase.parse(QueryParserBase.java:128)
	at org.apache.lucene.queryparser.classic.MapperQueryParser.parse(MapperQueryParser.java:882)
	at org.elasticsearch.index.query.QueryStringQueryParser.parse(QueryStringQueryParser.java:223)
	... 11 more
Caused by: org.apache.lucene.queryparser.classic.ParseException: Encountered " ":" ": "" at line 1, column 15.
Was expecting one of:
    <EOF> 
    <AND> ...
    <OR> ...
    <NOT> ...
    "+" ...
    "-" ...
    <BAREOPER> ...
    "(" ...
    "*" ...
    "^" ...
    <QUOTED> ...
    <TERM> ...
    <FUZZY_SLOP> ...
    <PREFIXTERM> ...
    <WILDTERM> ...
    <REGEXPTERM> ...
    "[" ...
    "{" ...
    <NUMBER> ...
    
	at org.apache.lucene.queryparser.classic.QueryParser.generateParseException(QueryParser.java:710)
	at org.apache.lucene.queryparser.classic.QueryParser.jj_consume_token(QueryParser.java:592)
	at org.apache.lucene.queryparser.classic.QueryParser.TopLevelQuery(QueryParser.java:173)
	at org.apache.lucene.queryparser.classic.QueryParserBase.parse(QueryParserBase.java:123)
	... 13 more
[2014-12-24 18:11:34,139][DEBUG][action.count             ] [Citizen V] [tvshows][0], node[WWXdzPSRSFmrkDR7II5VpA], [P], s[STARTED]: failed to execute [[[tvshows]][], source[{"query":{"query_string":{"query":"showName:Alaska: The Last Frontier"}}}]]
org.elasticsearch.index.query.QueryParsingException: [tvshows] Failed to parse query [showName:Alaska: The Last Frontier]
	at org.elasticsearch.index.query.QueryStringQueryParser.parse(QueryStringQueryParser.java:240)
	at org.elasticsearch.index.query.QueryParseContext.parseInnerQuery(QueryParseContext.java:277)
	at org.elasticsearch.index.query.IndexQueryParserService.innerParse(IndexQueryParserService.java:382)
	at org.elasticsearch.index.query.IndexQueryParserService.parse(IndexQueryParserService.java:281)
	at org.elasticsearch.index.query.IndexQueryParserService.parse(IndexQueryParserService.java:276)
	at org.elasticsearch.index.query.IndexQueryParserService.parseQuery(IndexQueryParserService.java:354)
	at org.elasticsearch.action.count.TransportCountAction.shardOperation(TransportCountAction.java:187)
	at org.elasticsearch.action.count.TransportCountAction.shardOperation(TransportCountAction.java:66)
	at org.elasticsearch.action.support.broadcast.TransportBroadcastOperationAction$AsyncBroadcastAction$1.run(TransportBroadcastOperationAction.java:171)
	at java.util.concurrent.ThreadPoolExecutor.runWorker(ThreadPoolExecutor.java:1145)
	at java.util.concurrent.ThreadPoolExecutor$Worker.run(ThreadPoolExecutor.java:615)
	at java.lang.Thread.run(Thread.java:745)
Caused by: org.apache.lucene.queryparser.classic.ParseException: Cannot parse 'showName:Alaska: The Last Frontier': Encountered " ":" ": "" at line 1, column 15.
Was expecting one of:
    <EOF> 
    <AND> ...
    <OR> ...
    <NOT> ...
    "+" ...
    "-" ...
    <BAREOPER> ...
    "(" ...
    "*" ...
    "^" ...
    <QUOTED> ...
    <TERM> ...
    <FUZZY_SLOP> ...
    <PREFIXTERM> ...
    <WILDTERM> ...
    <REGEXPTERM> ...
    "[" ...
    "{" ...
    <NUMBER> ...
    
	at org.apache.lucene.queryparser.classic.QueryParserBase.parse(QueryParserBase.java:128)
	at org.apache.lucene.queryparser.classic.MapperQueryParser.parse(MapperQueryParser.java:882)
	at org.elasticsearch.index.query.QueryStringQueryParser.parse(QueryStringQueryParser.java:223)
	... 11 more
Caused by: org.apache.lucene.queryparser.classic.ParseException: Encountered " ":" ": "" at line 1, column 15.
Was expecting one of:
    <EOF> 
    <AND> ...
    <OR> ...
    <NOT> ...
    "+" ...
    "-" ...
    <BAREOPER> ...
    "(" ...
    "*" ...
    "^" ...
    <QUOTED> ...
    <TERM> ...
    <FUZZY_SLOP> ...
    <PREFIXTERM> ...
    <WILDTERM> ...
    <REGEXPTERM> ...
    "[" ...
    "{" ...
    <NUMBER> ...
    
	at org.apache.lucene.queryparser.classic.QueryParser.generateParseException(QueryParser.java:710)
	at org.apache.lucene.queryparser.classic.QueryParser.jj_consume_token(QueryParser.java:592)
	at org.apache.lucene.queryparser.classic.QueryParser.TopLevelQuery(QueryParser.java:173)
	at org.apache.lucene.queryparser.classic.QueryParserBase.parse(QueryParserBase.java:123)
	... 13 more
[2014-12-24 18:11:55,037][DEBUG][action.count             ] [Citizen V] [tvshows][0], node[WWXdzPSRSFmrkDR7II5VpA], [P], s[STARTED]: failed to execute [[[tvshows]][], source[{"query":{"query_string":{"query":"showName:Naruto: Shippuuden"}}}]]
org.elasticsearch.index.query.QueryParsingException: [tvshows] Failed to parse query [showName:Naruto: Shippuuden]
	at org.elasticsearch.index.query.QueryStringQueryParser.parse(QueryStringQueryParser.java:240)
	at org.elasticsearch.index.query.QueryParseContext.parseInnerQuery(QueryParseContext.java:277)
	at org.elasticsearch.index.query.IndexQueryParserService.innerParse(IndexQueryParserService.java:382)
	at org.elasticsearch.index.query.IndexQueryParserService.parse(IndexQueryParserService.java:281)
	at org.elasticsearch.index.query.IndexQueryParserService.parse(IndexQueryParserService.java:276)
	at org.elasticsearch.index.query.IndexQueryParserService.parseQuery(IndexQueryParserService.java:354)
	at org.elasticsearch.action.count.TransportCountAction.shardOperation(TransportCountAction.java:187)
	at org.elasticsearch.action.count.TransportCountAction.shardOperation(TransportCountAction.java:66)
	at org.elasticsearch.action.support.broadcast.TransportBroadcastOperationAction$AsyncBroadcastAction$1.run(TransportBroadcastOperationAction.java:171)
	at java.util.concurrent.ThreadPoolExecutor.runWorker(ThreadPoolExecutor.java:1145)
	at java.util.concurrent.ThreadPoolExecutor$Worker.run(ThreadPoolExecutor.java:615)
	at java.lang.Thread.run(Thread.java:745)
Caused by: org.apache.lucene.queryparser.classic.ParseException: Cannot parse 'showName:Naruto: Shippuuden': Encountered " ":" ": "" at line 1, column 15.
Was expecting one of:
    <EOF> 
    <AND> ...
    <OR> ...
    <NOT> ...
    "+" ...
    "-" ...
    <BAREOPER> ...
    "(" ...
    "*" ...
    "^" ...
    <QUOTED> ...
    <TERM> ...
    <FUZZY_SLOP> ...
    <PREFIXTERM> ...
    <WILDTERM> ...
    <REGEXPTERM> ...
    "[" ...
    "{" ...
    <NUMBER> ...
    
	at org.apache.lucene.queryparser.classic.QueryParserBase.parse(QueryParserBase.java:128)
	at org.apache.lucene.queryparser.classic.MapperQueryParser.parse(MapperQueryParser.java:882)
	at org.elasticsearch.index.query.QueryStringQueryParser.parse(QueryStringQueryParser.java:223)
	... 11 more
Caused by: org.apache.lucene.queryparser.classic.ParseException: Encountered " ":" ": "" at line 1, column 15.
Was expecting one of:
    <EOF> 
    <AND> ...
    <OR> ...
    <NOT> ...
    "+" ...
    "-" ...
    <BAREOPER> ...
    "(" ...
    "*" ...
    "^" ...
    <QUOTED> ...
    <TERM> ...
    <FUZZY_SLOP> ...
    <PREFIXTERM> ...
    <WILDTERM> ...
    <REGEXPTERM> ...
    "[" ...
    "{" ...
    <NUMBER> ...
    
	at org.apache.lucene.queryparser.classic.QueryParser.generateParseException(QueryParser.java:710)
	at org.apache.lucene.queryparser.classic.QueryParser.jj_consume_token(QueryParser.java:592)
	at org.apache.lucene.queryparser.classic.QueryParser.TopLevelQuery(QueryParser.java:173)
	at org.apache.lucene.queryparser.classic.QueryParserBase.parse(QueryParserBase.java:123)
	... 13 more
[2014-12-24 20:06:13,297][DEBUG][action.index             ] [Citizen V] [tvshows][0], node[WWXdzPSRSFmrkDR7II5VpA], [P], s[STARTED]: Failed to execute [index {[tvshows][episodes][AUp96CQtPJ9TUcXeN7VV], source[{"episodeNo": 11, "episode": "Season 1, Episode 11", "seasonNo": 1, "showName": "Benched", "airDate": "12/30/14"}]}]
org.elasticsearch.index.mapper.MapperParsingException: failed to parse [airDate]
	at org.elasticsearch.index.mapper.core.AbstractFieldMapper.parse(AbstractFieldMapper.java:415)
	at org.elasticsearch.index.mapper.object.ObjectMapper.serializeValue(ObjectMapper.java:707)
	at org.elasticsearch.index.mapper.object.ObjectMapper.parse(ObjectMapper.java:500)
	at org.elasticsearch.index.mapper.DocumentMapper.parse(DocumentMapper.java:541)
	at org.elasticsearch.index.mapper.DocumentMapper.parse(DocumentMapper.java:490)
	at org.elasticsearch.index.shard.service.InternalIndexShard.prepareCreate(InternalIndexShard.java:392)
	at org.elasticsearch.action.index.TransportIndexAction.shardOperationOnPrimary(TransportIndexAction.java:198)
	at org.elasticsearch.action.support.replication.TransportShardReplicationOperationAction$AsyncShardOperationAction.performOnPrimary(TransportShardReplicationOperationAction.java:511)
	at org.elasticsearch.action.support.replication.TransportShardReplicationOperationAction$AsyncShardOperationAction$1.run(TransportShardReplicationOperationAction.java:419)
	at java.util.concurrent.ThreadPoolExecutor.runWorker(ThreadPoolExecutor.java:1145)
	at java.util.concurrent.ThreadPoolExecutor$Worker.run(ThreadPoolExecutor.java:615)
	at java.lang.Thread.run(Thread.java:745)
Caused by: org.elasticsearch.index.mapper.MapperParsingException: failed to parse date field [12/30/14], tried both date format [yyyy/MM/dd], and timestamp number with locale []
	at org.elasticsearch.index.mapper.core.DateFieldMapper.parseStringValue(DateFieldMapper.java:608)
	at org.elasticsearch.index.mapper.core.DateFieldMapper.innerParseCreateField(DateFieldMapper.java:536)
	at org.elasticsearch.index.mapper.core.NumberFieldMapper.parseCreateField(NumberFieldMapper.java:235)
	at org.elasticsearch.index.mapper.core.AbstractFieldMapper.parse(AbstractFieldMapper.java:405)
	... 11 more
Caused by: org.elasticsearch.common.joda.time.IllegalFieldValueException: Cannot parse "12/30/14": Value 30 for monthOfYear must be in the range [1,12]
	at org.elasticsearch.common.joda.time.field.FieldUtils.verifyValueBounds(FieldUtils.java:218)
	at org.elasticsearch.common.joda.time.chrono.BasicMonthOfYearDateTimeField.set(BasicMonthOfYearDateTimeField.java:299)
	at org.elasticsearch.common.joda.time.format.DateTimeParserBucket$SavedField.set(DateTimeParserBucket.java:483)
	at org.elasticsearch.common.joda.time.format.DateTimeParserBucket.computeMillis(DateTimeParserBucket.java:366)
	at org.elasticsearch.common.joda.time.format.DateTimeFormatter.parseMillis(DateTimeFormatter.java:749)
	at org.elasticsearch.index.mapper.core.DateFieldMapper.parseStringValue(DateFieldMapper.java:602)
	... 14 more
[2014-12-24 20:15:15,002][DEBUG][action.count             ] [Citizen V] [tvshows][0], node[WWXdzPSRSFmrkDR7II5VpA], [P], s[STARTED]: failed to execute [[[tvshows]][], source[{"query":{"query_string":{"query":"showName:Alaska: The Last Frontier"}}}]]
org.elasticsearch.index.query.QueryParsingException: [tvshows] Failed to parse query [showName:Alaska: The Last Frontier]
	at org.elasticsearch.index.query.QueryStringQueryParser.parse(QueryStringQueryParser.java:240)
	at org.elasticsearch.index.query.QueryParseContext.parseInnerQuery(QueryParseContext.java:277)
	at org.elasticsearch.index.query.IndexQueryParserService.innerParse(IndexQueryParserService.java:382)
	at org.elasticsearch.index.query.IndexQueryParserService.parse(IndexQueryParserService.java:281)
	at org.elasticsearch.index.query.IndexQueryParserService.parse(IndexQueryParserService.java:276)
	at org.elasticsearch.index.query.IndexQueryParserService.parseQuery(IndexQueryParserService.java:354)
	at org.elasticsearch.action.count.TransportCountAction.shardOperation(TransportCountAction.java:187)
	at org.elasticsearch.action.count.TransportCountAction.shardOperation(TransportCountAction.java:66)
	at org.elasticsearch.action.support.broadcast.TransportBroadcastOperationAction$AsyncBroadcastAction$1.run(TransportBroadcastOperationAction.java:171)
	at java.util.concurrent.ThreadPoolExecutor.runWorker(ThreadPoolExecutor.java:1145)
	at java.util.concurrent.ThreadPoolExecutor$Worker.run(ThreadPoolExecutor.java:615)
	at java.lang.Thread.run(Thread.java:745)
Caused by: org.apache.lucene.queryparser.classic.ParseException: Cannot parse 'showName:Alaska: The Last Frontier': Encountered " ":" ": "" at line 1, column 15.
Was expecting one of:
    <EOF> 
    <AND> ...
    <OR> ...
    <NOT> ...
    "+" ...
    "-" ...
    <BAREOPER> ...
    "(" ...
    "*" ...
    "^" ...
    <QUOTED> ...
    <TERM> ...
    <FUZZY_SLOP> ...
    <PREFIXTERM> ...
    <WILDTERM> ...
    <REGEXPTERM> ...
    "[" ...
    "{" ...
    <NUMBER> ...
    
	at org.apache.lucene.queryparser.classic.QueryParserBase.parse(QueryParserBase.java:128)
	at org.apache.lucene.queryparser.classic.MapperQueryParser.parse(MapperQueryParser.java:882)
	at org.elasticsearch.index.query.QueryStringQueryParser.parse(QueryStringQueryParser.java:223)
	... 11 more
Caused by: org.apache.lucene.queryparser.classic.ParseException: Encountered " ":" ": "" at line 1, column 15.
Was expecting one of:
    <EOF> 
    <AND> ...
    <OR> ...
    <NOT> ...
    "+" ...
    "-" ...
    <BAREOPER> ...
    "(" ...
    "*" ...
    "^" ...
    <QUOTED> ...
    <TERM> ...
    <FUZZY_SLOP> ...
    <PREFIXTERM> ...
    <WILDTERM> ...
    <REGEXPTERM> ...
    "[" ...
    "{" ...
    <NUMBER> ...
    
	at org.apache.lucene.queryparser.classic.QueryParser.generateParseException(QueryParser.java:710)
	at org.apache.lucene.queryparser.classic.QueryParser.jj_consume_token(QueryParser.java:592)
	at org.apache.lucene.queryparser.classic.QueryParser.TopLevelQuery(QueryParser.java:173)
	at org.apache.lucene.queryparser.classic.QueryParserBase.parse(QueryParserBase.java:123)
	... 13 more
[2014-12-24 20:15:34,363][DEBUG][action.count             ] [Citizen V] [tvshows][0], node[WWXdzPSRSFmrkDR7II5VpA], [P], s[STARTED]: failed to execute [[[tvshows]][], source[{"query":{"query_string":{"query":"showName:Naruto: Shippuuden"}}}]]
org.elasticsearch.index.query.QueryParsingException: [tvshows] Failed to parse query [showName:Naruto: Shippuuden]
	at org.elasticsearch.index.query.QueryStringQueryParser.parse(QueryStringQueryParser.java:240)
	at org.elasticsearch.index.query.QueryParseContext.parseInnerQuery(QueryParseContext.java:277)
	at org.elasticsearch.index.query.IndexQueryParserService.innerParse(IndexQueryParserService.java:382)
	at org.elasticsearch.index.query.IndexQueryParserService.parse(IndexQueryParserService.java:281)
	at org.elasticsearch.index.query.IndexQueryParserService.parse(IndexQueryParserService.java:276)
	at org.elasticsearch.index.query.IndexQueryParserService.parseQuery(IndexQueryParserService.java:354)
	at org.elasticsearch.action.count.TransportCountAction.shardOperation(TransportCountAction.java:187)
	at org.elasticsearch.action.count.TransportCountAction.shardOperation(TransportCountAction.java:66)
	at org.elasticsearch.action.support.broadcast.TransportBroadcastOperationAction$AsyncBroadcastAction$1.run(TransportBroadcastOperationAction.java:171)
	at java.util.concurrent.ThreadPoolExecutor.runWorker(ThreadPoolExecutor.java:1145)
	at java.util.concurrent.ThreadPoolExecutor$Worker.run(ThreadPoolExecutor.java:615)
	at java.lang.Thread.run(Thread.java:745)
Caused by: org.apache.lucene.queryparser.classic.ParseException: Cannot parse 'showName:Naruto: Shippuuden': Encountered " ":" ": "" at line 1, column 15.
Was expecting one of:
    <EOF> 
    <AND> ...
    <OR> ...
    <NOT> ...
    "+" ...
    "-" ...
    <BAREOPER> ...
    "(" ...
    "*" ...
    "^" ...
    <QUOTED> ...
    <TERM> ...
    <FUZZY_SLOP> ...
    <PREFIXTERM> ...
    <WILDTERM> ...
    <REGEXPTERM> ...
    "[" ...
    "{" ...
    <NUMBER> ...
    
	at org.apache.lucene.queryparser.classic.QueryParserBase.parse(QueryParserBase.java:128)
	at org.apache.lucene.queryparser.classic.MapperQueryParser.parse(MapperQueryParser.java:882)
	at org.elasticsearch.index.query.QueryStringQueryParser.parse(QueryStringQueryParser.java:223)
	... 11 more
Caused by: org.apache.lucene.queryparser.classic.ParseException: Encountered " ":" ": "" at line 1, column 15.
Was expecting one of:
    <EOF> 
    <AND> ...
    <OR> ...
    <NOT> ...
    "+" ...
    "-" ...
    <BAREOPER> ...
    "(" ...
    "*" ...
    "^" ...
    <QUOTED> ...
    <TERM> ...
    <FUZZY_SLOP> ...
    <PREFIXTERM> ...
    <WILDTERM> ...
    <REGEXPTERM> ...
    "[" ...
    "{" ...
    <NUMBER> ...
    
	at org.apache.lucene.queryparser.classic.QueryParser.generateParseException(QueryParser.java:710)
	at org.apache.lucene.queryparser.classic.QueryParser.jj_consume_token(QueryParser.java:592)
	at org.apache.lucene.queryparser.classic.QueryParser.TopLevelQuery(QueryParser.java:173)
	at org.apache.lucene.queryparser.classic.QueryParserBase.parse(QueryParserBase.java:123)
	... 13 more
[2014-12-24 20:36:36,433][DEBUG][action.deletebyquery     ] [Citizen V] [tvshows][0], node[WWXdzPSRSFmrkDR7II5VpA], [P], s[STARTED]: Failed to execute [delete_by_query {[tvshows][], query [{
query : {
range:{
airDate:{
gte : now
}
}
}
}]}]
org.elasticsearch.index.query.QueryParsingException: [tvshows] Failed to parse
	at org.elasticsearch.index.query.IndexQueryParserService.parse(IndexQueryParserService.java:283)
	at org.elasticsearch.index.query.IndexQueryParserService.parse(IndexQueryParserService.java:276)
	at org.elasticsearch.index.query.IndexQueryParserService.parseQuery(IndexQueryParserService.java:354)
	at org.elasticsearch.index.shard.service.InternalIndexShard.prepareDeleteByQuery(InternalIndexShard.java:465)
	at org.elasticsearch.action.deletebyquery.TransportShardDeleteByQueryAction.shardOperationOnPrimary(TransportShardDeleteByQueryAction.java:115)
	at org.elasticsearch.action.support.replication.TransportShardReplicationOperationAction$AsyncShardOperationAction.performOnPrimary(TransportShardReplicationOperationAction.java:511)
	at org.elasticsearch.action.support.replication.TransportShardReplicationOperationAction$AsyncShardOperationAction$1.run(TransportShardReplicationOperationAction.java:419)
	at java.util.concurrent.ThreadPoolExecutor.runWorker(ThreadPoolExecutor.java:1145)
	at java.util.concurrent.ThreadPoolExecutor$Worker.run(ThreadPoolExecutor.java:615)
	at java.lang.Thread.run(Thread.java:745)
Caused by: org.elasticsearch.common.jackson.core.JsonParseException: Unrecognized token 'now': was expecting 'null', 'true', 'false' or NaN
 at [Source: [B@7ebf2822; line: 5, column: 11]
	at org.elasticsearch.common.jackson.core.JsonParser._constructError(JsonParser.java:1419)
	at org.elasticsearch.common.jackson.core.base.ParserMinimalBase._reportError(ParserMinimalBase.java:508)
	at org.elasticsearch.common.jackson.core.json.UTF8StreamJsonParser._reportInvalidToken(UTF8StreamJsonParser.java:3201)
	at org.elasticsearch.common.jackson.core.json.UTF8StreamJsonParser._reportInvalidToken(UTF8StreamJsonParser.java:3179)
	at org.elasticsearch.common.jackson.core.json.UTF8StreamJsonParser._matchToken(UTF8StreamJsonParser.java:2500)
	at org.elasticsearch.common.jackson.core.json.UTF8StreamJsonParser.nextToken(UTF8StreamJsonParser.java:733)
	at org.elasticsearch.common.xcontent.json.JsonXContentParser.nextToken(JsonXContentParser.java:51)
	at org.elasticsearch.index.query.RangeQueryParser.parse(RangeQueryParser.java:76)
	at org.elasticsearch.index.query.QueryParseContext.parseInnerQuery(QueryParseContext.java:277)
	at org.elasticsearch.index.query.IndexQueryParserService.innerParse(IndexQueryParserService.java:382)
	at org.elasticsearch.index.query.IndexQueryParserService.parse(IndexQueryParserService.java:281)
	... 9 more
[2014-12-24 20:36:46,791][DEBUG][action.deletebyquery     ] [Citizen V] [tvshows][0], node[WWXdzPSRSFmrkDR7II5VpA], [P], s[STARTED]: Failed to execute [delete_by_query {[tvshows][], query [{
query : {
range:{
airDate:{
gte : now
}
}
}
}]}]
org.elasticsearch.index.query.QueryParsingException: [tvshows] Failed to parse
	at org.elasticsearch.index.query.IndexQueryParserService.parse(IndexQueryParserService.java:283)
	at org.elasticsearch.index.query.IndexQueryParserService.parse(IndexQueryParserService.java:276)
	at org.elasticsearch.index.query.IndexQueryParserService.parseQuery(IndexQueryParserService.java:354)
	at org.elasticsearch.index.shard.service.InternalIndexShard.prepareDeleteByQuery(InternalIndexShard.java:465)
	at org.elasticsearch.action.deletebyquery.TransportShardDeleteByQueryAction.shardOperationOnPrimary(TransportShardDeleteByQueryAction.java:115)
	at org.elasticsearch.action.support.replication.TransportShardReplicationOperationAction$AsyncShardOperationAction.performOnPrimary(TransportShardReplicationOperationAction.java:511)
	at org.elasticsearch.action.support.replication.TransportShardReplicationOperationAction$AsyncShardOperationAction$1.run(TransportShardReplicationOperationAction.java:419)
	at java.util.concurrent.ThreadPoolExecutor.runWorker(ThreadPoolExecutor.java:1145)
	at java.util.concurrent.ThreadPoolExecutor$Worker.run(ThreadPoolExecutor.java:615)
	at java.lang.Thread.run(Thread.java:745)
Caused by: org.elasticsearch.common.jackson.core.JsonParseException: Unrecognized token 'now': was expecting 'null', 'true', 'false' or NaN
 at [Source: [B@500b353; line: 5, column: 11]
	at org.elasticsearch.common.jackson.core.JsonParser._constructError(JsonParser.java:1419)
	at org.elasticsearch.common.jackson.core.base.ParserMinimalBase._reportError(ParserMinimalBase.java:508)
	at org.elasticsearch.common.jackson.core.json.UTF8StreamJsonParser._reportInvalidToken(UTF8StreamJsonParser.java:3201)
	at org.elasticsearch.common.jackson.core.json.UTF8StreamJsonParser._reportInvalidToken(UTF8StreamJsonParser.java:3179)
	at org.elasticsearch.common.jackson.core.json.UTF8StreamJsonParser._matchToken(UTF8StreamJsonParser.java:2500)
	at org.elasticsearch.common.jackson.core.json.UTF8StreamJsonParser.nextToken(UTF8StreamJsonParser.java:733)
	at org.elasticsearch.common.xcontent.json.JsonXContentParser.nextToken(JsonXContentParser.java:51)
	at org.elasticsearch.index.query.RangeQueryParser.parse(RangeQueryParser.java:76)
	at org.elasticsearch.index.query.QueryParseContext.parseInnerQuery(QueryParseContext.java:277)
	at org.elasticsearch.index.query.IndexQueryParserService.innerParse(IndexQueryParserService.java:382)
	at org.elasticsearch.index.query.IndexQueryParserService.parse(IndexQueryParserService.java:281)
	... 9 more
[2014-12-24 20:44:12,759][DEBUG][action.count             ] [Citizen V] [tvshows][0], node[WWXdzPSRSFmrkDR7II5VpA], [P], s[STARTED]: failed to execute [[[tvshows]][], source[{"query":{"query_string":{"query":"showName:Alaska: The Last Frontier"}}}]]
org.elasticsearch.index.query.QueryParsingException: [tvshows] Failed to parse query [showName:Alaska: The Last Frontier]
	at org.elasticsearch.index.query.QueryStringQueryParser.parse(QueryStringQueryParser.java:240)
	at org.elasticsearch.index.query.QueryParseContext.parseInnerQuery(QueryParseContext.java:277)
	at org.elasticsearch.index.query.IndexQueryParserService.innerParse(IndexQueryParserService.java:382)
	at org.elasticsearch.index.query.IndexQueryParserService.parse(IndexQueryParserService.java:281)
	at org.elasticsearch.index.query.IndexQueryParserService.parse(IndexQueryParserService.java:276)
	at org.elasticsearch.index.query.IndexQueryParserService.parseQuery(IndexQueryParserService.java:354)
	at org.elasticsearch.action.count.TransportCountAction.shardOperation(TransportCountAction.java:187)
	at org.elasticsearch.action.count.TransportCountAction.shardOperation(TransportCountAction.java:66)
	at org.elasticsearch.action.support.broadcast.TransportBroadcastOperationAction$AsyncBroadcastAction$1.run(TransportBroadcastOperationAction.java:171)
	at java.util.concurrent.ThreadPoolExecutor.runWorker(ThreadPoolExecutor.java:1145)
	at java.util.concurrent.ThreadPoolExecutor$Worker.run(ThreadPoolExecutor.java:615)
	at java.lang.Thread.run(Thread.java:745)
Caused by: org.apache.lucene.queryparser.classic.ParseException: Cannot parse 'showName:Alaska: The Last Frontier': Encountered " ":" ": "" at line 1, column 15.
Was expecting one of:
    <EOF> 
    <AND> ...
    <OR> ...
    <NOT> ...
    "+" ...
    "-" ...
    <BAREOPER> ...
    "(" ...
    "*" ...
    "^" ...
    <QUOTED> ...
    <TERM> ...
    <FUZZY_SLOP> ...
    <PREFIXTERM> ...
    <WILDTERM> ...
    <REGEXPTERM> ...
    "[" ...
    "{" ...
    <NUMBER> ...
    
	at org.apache.lucene.queryparser.classic.QueryParserBase.parse(QueryParserBase.java:128)
	at org.apache.lucene.queryparser.classic.MapperQueryParser.parse(MapperQueryParser.java:882)
	at org.elasticsearch.index.query.QueryStringQueryParser.parse(QueryStringQueryParser.java:223)
	... 11 more
Caused by: org.apache.lucene.queryparser.classic.ParseException: Encountered " ":" ": "" at line 1, column 15.
Was expecting one of:
    <EOF> 
    <AND> ...
    <OR> ...
    <NOT> ...
    "+" ...
    "-" ...
    <BAREOPER> ...
    "(" ...
    "*" ...
    "^" ...
    <QUOTED> ...
    <TERM> ...
    <FUZZY_SLOP> ...
    <PREFIXTERM> ...
    <WILDTERM> ...
    <REGEXPTERM> ...
    "[" ...
    "{" ...
    <NUMBER> ...
    
	at org.apache.lucene.queryparser.classic.QueryParser.generateParseException(QueryParser.java:710)
	at org.apache.lucene.queryparser.classic.QueryParser.jj_consume_token(QueryParser.java:592)
	at org.apache.lucene.queryparser.classic.QueryParser.TopLevelQuery(QueryParser.java:173)
	at org.apache.lucene.queryparser.classic.QueryParserBase.parse(QueryParserBase.java:123)
	... 13 more
[2014-12-24 20:44:37,814][DEBUG][action.count             ] [Citizen V] [tvshows][0], node[WWXdzPSRSFmrkDR7II5VpA], [P], s[STARTED]: failed to execute [[[tvshows]][], source[{"query":{"query_string":{"query":"showName:Naruto: Shippuuden"}}}]]
org.elasticsearch.index.query.QueryParsingException: [tvshows] Failed to parse query [showName:Naruto: Shippuuden]
	at org.elasticsearch.index.query.QueryStringQueryParser.parse(QueryStringQueryParser.java:240)
	at org.elasticsearch.index.query.QueryParseContext.parseInnerQuery(QueryParseContext.java:277)
	at org.elasticsearch.index.query.IndexQueryParserService.innerParse(IndexQueryParserService.java:382)
	at org.elasticsearch.index.query.IndexQueryParserService.parse(IndexQueryParserService.java:281)
	at org.elasticsearch.index.query.IndexQueryParserService.parse(IndexQueryParserService.java:276)
	at org.elasticsearch.index.query.IndexQueryParserService.parseQuery(IndexQueryParserService.java:354)
	at org.elasticsearch.action.count.TransportCountAction.shardOperation(TransportCountAction.java:187)
	at org.elasticsearch.action.count.TransportCountAction.shardOperation(TransportCountAction.java:66)
	at org.elasticsearch.action.support.broadcast.TransportBroadcastOperationAction$AsyncBroadcastAction$1.run(TransportBroadcastOperationAction.java:171)
	at java.util.concurrent.ThreadPoolExecutor.runWorker(ThreadPoolExecutor.java:1145)
	at java.util.concurrent.ThreadPoolExecutor$Worker.run(ThreadPoolExecutor.java:615)
	at java.lang.Thread.run(Thread.java:745)
Caused by: org.apache.lucene.queryparser.classic.ParseException: Cannot parse 'showName:Naruto: Shippuuden': Encountered " ":" ": "" at line 1, column 15.
Was expecting one of:
    <EOF> 
    <AND> ...
    <OR> ...
    <NOT> ...
    "+" ...
    "-" ...
    <BAREOPER> ...
    "(" ...
    "*" ...
    "^" ...
    <QUOTED> ...
    <TERM> ...
    <FUZZY_SLOP> ...
    <PREFIXTERM> ...
    <WILDTERM> ...
    <REGEXPTERM> ...
    "[" ...
    "{" ...
    <NUMBER> ...
    
	at org.apache.lucene.queryparser.classic.QueryParserBase.parse(QueryParserBase.java:128)
	at org.apache.lucene.queryparser.classic.MapperQueryParser.parse(MapperQueryParser.java:882)
	at org.elasticsearch.index.query.QueryStringQueryParser.parse(QueryStringQueryParser.java:223)
	... 11 more
Caused by: org.apache.lucene.queryparser.classic.ParseException: Encountered " ":" ": "" at line 1, column 15.
Was expecting one of:
    <EOF> 
    <AND> ...
    <OR> ...
    <NOT> ...
    "+" ...
    "-" ...
    <BAREOPER> ...
    "(" ...
    "*" ...
    "^" ...
    <QUOTED> ...
    <TERM> ...
    <FUZZY_SLOP> ...
    <PREFIXTERM> ...
    <WILDTERM> ...
    <REGEXPTERM> ...
    "[" ...
    "{" ...
    <NUMBER> ...
    
	at org.apache.lucene.queryparser.classic.QueryParser.generateParseException(QueryParser.java:710)
	at org.apache.lucene.queryparser.classic.QueryParser.jj_consume_token(QueryParser.java:592)
	at org.apache.lucene.queryparser.classic.QueryParser.TopLevelQuery(QueryParser.java:173)
	at org.apache.lucene.queryparser.classic.QueryParserBase.parse(QueryParserBase.java:123)
	... 13 more
